{"contracts/Raffle.sol":{"l":{"66":3,"67":3,"68":3,"69":3,"70":3,"71":3,"72":3,"73":3,"83":5,"84":1,"87":4,"89":3,"93":3,"109":1,"110":1,"111":1,"112":1,"113":1,"121":1,"122":1,"123":0,"130":1,"131":1,"138":1,"142":0,"143":0,"145":0,"146":0,"149":0,"151":0,"153":0,"154":0,"156":0,"161":5,"165":1,"169":0,"173":1,"177":0,"181":0,"185":0,"189":0,"193":5},"path":"/home/shlan/Code/Blockchain/Full Stack Web3 Development/Web3Dev-PatrickCollins/Lesson9/Hardhat Lottery Code/contracts/Raffle.sol","s":{"1":5,"2":4,"3":3,"4":3,"5":1,"6":1,"7":1,"8":1,"9":1,"10":1,"11":1,"12":1,"13":0,"14":0,"15":0,"16":0,"17":0,"18":5,"19":1,"20":0,"21":1,"22":0,"23":0,"24":0,"25":0,"26":5},"b":{"1":[1,4],"2":[1,3],"3":[0,1],"4":[0,0]},"f":{"1":3,"2":5,"3":1,"4":1,"5":0,"6":5,"7":1,"8":0,"9":1,"10":0,"11":0,"12":0,"13":0,"14":5},"fnMap":{"1":{"name":"constructor","line":65,"loc":{"start":{"line":58,"column":4},"end":{"line":74,"column":4}}},"2":{"name":"enterRaffle","line":82,"loc":{"start":{"line":82,"column":4},"end":{"line":94,"column":4}}},"3":{"name":"checkUpkeep","line":106,"loc":{"start":{"line":106,"column":4},"end":{"line":114,"column":4}}},"4":{"name":"performUpkeep","line":116,"loc":{"start":{"line":116,"column":4},"end":{"line":139,"column":4}}},"5":{"name":"fulfillRandomWords","line":141,"loc":{"start":{"line":141,"column":4},"end":{"line":157,"column":4}}},"6":{"name":"getEntranceFee","line":160,"loc":{"start":{"line":160,"column":4},"end":{"line":162,"column":4}}},"7":{"name":"getPlayer","line":164,"loc":{"start":{"line":164,"column":4},"end":{"line":166,"column":4}}},"8":{"name":"getRecentWinner","line":168,"loc":{"start":{"line":168,"column":4},"end":{"line":170,"column":4}}},"9":{"name":"getRaffleState","line":172,"loc":{"start":{"line":172,"column":4},"end":{"line":174,"column":4}}},"10":{"name":"getNumWords","line":176,"loc":{"start":{"line":176,"column":4},"end":{"line":178,"column":4}}},"11":{"name":"getNumberOfPlayers","line":180,"loc":{"start":{"line":180,"column":4},"end":{"line":182,"column":4}}},"12":{"name":"getLatestTimeStamp","line":184,"loc":{"start":{"line":184,"column":4},"end":{"line":186,"column":4}}},"13":{"name":"getNumberOfRequestConfirmations","line":188,"loc":{"start":{"line":188,"column":4},"end":{"line":190,"column":4}}},"14":{"name":"getInterval","line":192,"loc":{"start":{"line":192,"column":4},"end":{"line":194,"column":4}}}},"statementMap":{"1":{"start":{"line":83,"column":8},"end":{"line":83,"column":2837}},"2":{"start":{"line":87,"column":8},"end":{"line":87,"column":70}},"3":{"start":{"line":89,"column":8},"end":{"line":89,"column":42}},"4":{"start":{"line":93,"column":8},"end":{"line":93,"column":36}},"5":{"start":{"line":109,"column":8},"end":{"line":109,"column":57}},"6":{"start":{"line":110,"column":8},"end":{"line":110,"column":76}},"7":{"start":{"line":111,"column":8},"end":{"line":111,"column":48}},"8":{"start":{"line":112,"column":8},"end":{"line":112,"column":53}},"9":{"start":{"line":121,"column":8},"end":{"line":121,"column":47}},"10":{"start":{"line":122,"column":8},"end":{"line":122,"column":4472}},"11":{"start":{"line":131,"column":8},"end":{"line":131,"column":4730}},"12":{"start":{"line":138,"column":8},"end":{"line":138,"column":45}},"13":{"start":{"line":142,"column":8},"end":{"line":142,"column":65}},"14":{"start":{"line":143,"column":8},"end":{"line":143,"column":66}},"15":{"start":{"line":153,"column":8},"end":{"line":153,"column":78}},"16":{"start":{"line":154,"column":8},"end":{"line":154,"column":53}},"17":{"start":{"line":156,"column":8},"end":{"line":156,"column":39}},"18":{"start":{"line":161,"column":8},"end":{"line":161,"column":28}},"19":{"start":{"line":165,"column":8},"end":{"line":165,"column":31}},"20":{"start":{"line":169,"column":8},"end":{"line":169,"column":29}},"21":{"start":{"line":173,"column":8},"end":{"line":173,"column":28}},"22":{"start":{"line":177,"column":8},"end":{"line":177,"column":24}},"23":{"start":{"line":181,"column":8},"end":{"line":181,"column":31}},"24":{"start":{"line":185,"column":8},"end":{"line":185,"column":30}},"25":{"start":{"line":189,"column":8},"end":{"line":189,"column":36}},"26":{"start":{"line":193,"column":8},"end":{"line":193,"column":25}}},"branchMap":{"1":{"line":83,"type":"if","locations":[{"start":{"line":83,"column":8},"end":{"line":83,"column":8}},{"start":{"line":83,"column":8},"end":{"line":83,"column":8}}]},"2":{"line":87,"type":"if","locations":[{"start":{"line":87,"column":8},"end":{"line":87,"column":8}},{"start":{"line":87,"column":8},"end":{"line":87,"column":8}}]},"3":{"line":122,"type":"if","locations":[{"start":{"line":122,"column":8},"end":{"line":122,"column":8}},{"start":{"line":122,"column":8},"end":{"line":122,"column":8}}]},"4":{"line":154,"type":"if","locations":[{"start":{"line":154,"column":8},"end":{"line":154,"column":8}},{"start":{"line":154,"column":8},"end":{"line":154,"column":8}}]}}},"contracts/test/VRFCoordinatorV2Mock.sol":{"l":{},"path":"/home/shlan/Code/Blockchain/Full Stack Web3 Development/Web3Dev-PatrickCollins/Lesson9/Hardhat Lottery Code/contracts/test/VRFCoordinatorV2Mock.sol","s":{},"b":{},"f":{},"fnMap":{},"statementMap":{},"branchMap":{}}}